<?xml version="1.0" encoding="UTF-8"?>
<!-- Generated by org.testng.reporters.JUnitReportReporter -->
<testsuite hostname="Karthik" failures="0" tests="1" name="com.caw.CawInterview.inputTableData" time="54.243" errors="0" timestamp="2023-11-04T17:23:27 IST" skipped="0">
  <testcase classname="com.caw.CawInterview.inputTableData" name="tableData" time="54.243"/>
  <system-out/>
</testsuite> <!-- com.caw.CawInterview.inputTableData -->
